<?xml version="1.0" encoding="UTF-8"?>
<!-- Generated by org.testng.reporters.JUnitXMLReporter -->
<testsuite hostname="DESKTOP-HPUN62I" name="Regression suite 1" tests="27" failures="3" timestamp="17 May 2024 15:59:52 GMT" time="0.404" errors="0">
  <testcase name="funA" time="0.013" classname="testingNgDemo1.testingNgDemo1"/>
  <testcase name="funB" time="0.002" classname="testingNgDemo1.TestNgArifDemo1"/>
  <testcase name="funA" time="0.002" classname="testingNgDemo1.TestNgArifDemo1"/>
  <testcase name="funC" time="0.013" classname="testingNgDemo1.TestNgArifDemo1"/>
  <testcase name="funC" time="0.006" classname="testingNgDemo1.TestNgDemo1"/>
  <testcase name="funA" time="0.01" classname="testingNgDemo1.TestNgDemo1"/>
  <testcase name="funB" time="0.002" classname="testingNgDemo1.TestNgDemo1"/>
  <testcase name="funD" time="0.003" classname="testingNgDemo1.TestNgDemo1"/>
  <testcase name="funA" time="0.002" classname="testingNgDemo1.TestNgDemo2"/>
  <testcase name="funB" time="0.007" classname="testingNgDemo1.TestNgDemo3"/>
  <testcase name="funD" time="0.002" classname="testingNgDemo1.TestNgDemo3"/>
  <testcase name="funA" time="0.002" classname="testingNgDemo1.TestNgDemo3"/>
  <testcase name="funC" time="0.004" classname="testingNgDemo1.TestNgDemo3"/>
  <testcase name="funB" time="0.002" classname="testingNgDemo1.TestNgDemo4">
    <failure type="java.lang.ArithmeticException" message="/ by zero">
      <![CDATA[java.lang.ArithmeticException: / by zero
	at testingNgDemo1.TestNgDemo4.funB(TestNgDemo4.java:20)
... Removed 24 stack frames]]>
    </failure>
  </testcase> <!-- funB -->
  <testcase name="funC" time="0.002" classname="testingNgDemo1.TestNgDemo4">
    <skipped/>
  </testcase> <!-- funC -->
  <testcase name="funA" time="0.005" classname="testingNgDemo1.TestNgDemo4"/>
  <testcase name="loginTest" time="0.015" classname="testingNgDemo1.TestNgDemo5">
    <failure type="java.lang.ArithmeticException" message="/ by zero">
      <![CDATA[java.lang.ArithmeticException: / by zero
	at testingNgDemo1.TestNgDemo5.loginTest(TestNgDemo5.java:10)
... Removed 24 stack frames]]>
    </failure>
  </testcase> <!-- loginTest -->
  <testcase name="customerDetails" time="0.014" classname="testingNgDemo1.TestNgDemo5"/>
  <testcase name="loginTest" time="0.003" classname="testingNgDemo1.TestNgDemo5A">
    <failure type="java.lang.ArithmeticException" message="/ by zero">
      <![CDATA[java.lang.ArithmeticException: / by zero
	at testingNgDemo1.TestNgDemo5A.loginTest(TestNgDemo5A.java:10)
... Removed 24 stack frames]]>
    </failure>
  </testcase> <!-- loginTest -->
  <testcase name="customerDetails" time="0.0" classname="testingNgDemo1.TestNgDemo5A">
    <skipped/>
  </testcase> <!-- customerDetails -->
  <testcase name="loginTest" time="0.005" classname="testingNgDemo1.TestNgDemo5B"/>
  <testcase name="customerDetails" time="0.004" classname="testingNgDemo1.TestNgDemo5B"/>
  <testcase name="funA" time="0.003" classname="testingNgDemo1.TestNgGroupsDemo1"/>
  <testcase name="funB" time="0.005" classname="testingNgDemo1.TestNgGroupsDemo1"/>
  <testcase name="funC" time="0.001" classname="testingNgDemo1.TestNgGroupsDemo1"/>
  <testcase name="funD" time="0.009" classname="testingNgDemo1.TestNgGroupsDemo1"/>
  <testcase name="f" time="0.006" classname="testingNgDemo1.TestNgXMLDemo1"/>
</testsuite> <!-- Regression suite 1 -->
