<?xml version="1.0" encoding="UTF-8"?>
<!-- Generated by org.testng.reporters.JUnitXMLReporter -->
<testsuite hostname="DESKTOP-HPUN62I" name="Test1" tests="3" failures="0" timestamp="21 May 2024 10:12:13 GMT" time="0.077" errors="0">
  <testcase name="funA" time="0.01" classname="testingNgDemo1.TestNgAnnotationsDemo1A"/>
  <testcase name="funB" time="0.017" classname="testingNgDemo1.TestNgAnnotationsDemo1A"/>
  <testcase name="funA" time="0.007" classname="testingNgDemo1.TestNgAnnotationsDemo2"/>
</testsuite> <!-- Test1 -->
